# JRE version: OpenJDK Runtime Environment Temurin-17.0.7+7 (17.0.7+7) (build 17.0.7+7)
# Java VM: OpenJDK 64-Bit Server VM Temurin-17.0.7+7 (17.0.7+7, mixed mode, emulated-client, tiered, compressed oops, compressed class ptrs, g1 gc, windows-amd64)
GC Precious Log:
 CPUs: 8 total, 8 available
 Memory: 3522M
 Large Page Support: Disabled
 NUMA Support: Disabled
 Compressed Oops: Enabled (32-bit)
 Heap Region Size: 1M
 Heap Min Capacity: 8M
 Heap Initial Capacity: 56M
 Heap Max Capacity: 882M
 Pre-touch: Disabled
 Parallel Workers: 8
 Concurrent Workers: 2
 Concurrent Refinement Workers: 8
 Periodic GC: Disabled
Heap:
 garbage-first heap   total 322560K, used 296789K [0x00000000c8e00000, 0x0000000100000000)
  region size 1024K, 6 young (6144K), 1 survivors (1024K)
 Metaspace       used 86754K, committed 87488K, reserved 1179648K
  class space    used 12145K, committed 12480K, reserved 1048576K
GC Heap History (20 events):
Event: 35829.893 GC heap before
{Heap before GC invocations=66 (full 0):
 garbage-first heap   total 229376K, used 211778K [0x00000000c8e00000, 0x0000000100000000)
  region size 1024K, 11 young (11264K), 1 survivors (1024K)
 Metaspace       used 86712K, committed 87488K, reserved 1179648K
  class space    used 12138K, committed 12480K, reserved 1048576K
}
Event: 35831.313 GC heap after
{Heap after GC invocations=67 (full 0):
 garbage-first heap   total 229376K, used 76917K [0x00000000c8e00000, 0x0000000100000000)
  region size 1024K, 1 young (1024K), 1 survivors (1024K)
 Metaspace       used 86712K, committed 87488K, reserved 1179648K
  class space    used 12138K, committed 12480K, reserved 1048576K
}
Event: 35847.828 GC heap before
{Heap before GC invocations=67 (full 0):
 garbage-first heap   total 229376K, used 191605K [0x00000000c8e00000, 0x0000000100000000)
  region size 1024K, 11 young (11264K), 1 survivors (1024K)
 Metaspace       used 86719K, committed 87488K, reserved 1179648K
  class space    used 12139K, committed 12480K, reserved 1048576K
}
Event: 35847.924 GC heap after
{Heap after GC invocations=68 (full 0):
 garbage-first heap   total 229376K, used 55552K [0x00000000c8e00000, 0x0000000100000000)
  region size 1024K, 2 young (2048K), 2 survivors (2048K)
 Metaspace       used 86719K, committed 87488K, reserved 1179648K
  class space    used 12139K, committed 12480K, reserved 1048576K
}
Event: 35848.051 GC heap before
{Heap before GC invocations=68 (full 0):
 garbage-first heap   total 229376K, used 67840K [0x00000000c8e00000, 0x0000000100000000)
  region size 1024K, 11 young (11264K), 2 survivors (2048K)
 Metaspace       used 86719K, committed 87488K, reserved 1179648K
  class space    used 12139K, committed 12480K, reserved 1048576K
}
Event: 35848.169 GC heap after
{Heap after GC invocations=69 (full 0):
 garbage-first heap   total 229376K, used 68223K [0x00000000c8e00000, 0x0000000100000000)
  region size 1024K, 2 young (2048K), 2 survivors (2048K)
 Metaspace       used 86719K, committed 87488K, reserved 1179648K
  class space    used 12139K, committed 12480K, reserved 1048576K
}
Event: 35848.192 GC heap before
{Heap before GC invocations=69 (full 0):
 garbage-first heap   total 229376K, used 69247K [0x00000000c8e00000, 0x0000000100000000)
  region size 1024K, 5 young (5120K), 2 survivors (2048K)
 Metaspace       used 86719K, committed 87488K, reserved 1179648K
  class space    used 12139K, committed 12480K, reserved 1048576K
}
Event: 35848.293 GC heap after
{Heap after GC invocations=70 (full 0):
 garbage-first heap   total 229376K, used 70912K [0x00000000c8e00000, 0x0000000100000000)
  region size 1024K, 2 young (2048K), 2 survivors (2048K)
 Metaspace       used 86719K, committed 87488K, reserved 1179648K
  class space    used 12139K, committed 12480K, reserved 1048576K
}
Event: 35848.732 GC heap before
{Heap before GC invocations=70 (full 0):
 garbage-first heap   total 229376K, used 107776K [0x00000000c8e00000, 0x0000000100000000)
  region size 1024K, 11 young (11264K), 2 survivors (2048K)
 Metaspace       used 86735K, committed 87488K, reserved 1179648K
  class space    used 12142K, committed 12480K, reserved 1048576K
}
Event: 35848.750 GC heap after
{Heap after GC invocations=71 (full 0):
 garbage-first heap   total 229376K, used 89728K [0x00000000c8e00000, 0x0000000100000000)
  region size 1024K, 1 young (1024K), 1 survivors (1024K)
 Metaspace       used 86735K, committed 87488K, reserved 1179648K
  class space    used 12142K, committed 12480K, reserved 1048576K
}
Event: 35849.110 GC heap before
{Heap before GC invocations=71 (full 0):
 garbage-first heap   total 229376K, used 150144K [0x00000000c8e00000, 0x0000000100000000)
  region size 1024K, 11 young (11264K), 1 survivors (1024K)
 Metaspace       used 86751K, committed 87488K, reserved 1179648K
  class space    used 12145K, committed 12480K, reserved 1048576K
}
Event: 35849.115 GC heap after
{Heap after GC invocations=72 (full 0):
 garbage-first heap   total 229376K, used 98080K [0x00000000c8e00000, 0x0000000100000000)
  region size 1024K, 1 young (1024K), 1 survivors (1024K)
 Metaspace       used 86751K, committed 87488K, reserved 1179648K
  class space    used 12145K, committed 12480K, reserved 1048576K
}
Event: 35851.466 GC heap before
{Heap before GC invocations=73 (full 0):
 garbage-first heap   total 322560K, used 250656K [0x00000000c8e00000, 0x0000000100000000)
  region size 1024K, 19 young (19456K), 1 survivors (1024K)
 Metaspace       used 86754K, committed 87488K, reserved 1179648K
  class space    used 12145K, committed 12480K, reserved 1048576K
}
Event: 35851.470 GC heap after
{Heap after GC invocations=74 (full 0):
 garbage-first heap   total 322560K, used 156275K [0x00000000c8e00000, 0x0000000100000000)
  region size 1024K, 2 young (2048K), 2 survivors (2048K)
 Metaspace       used 86754K, committed 87488K, reserved 1179648K
  class space    used 12145K, committed 12480K, reserved 1048576K
}
Event: 35851.931 GC heap before
{Heap before GC invocations=74 (full 0):
 garbage-first heap   total 322560K, used 312947K [0x00000000c8e00000, 0x0000000100000000)
  region size 1024K, 9 young (9216K), 2 survivors (2048K)
 Metaspace       used 86754K, committed 87488K, reserved 1179648K
  class space    used 12145K, committed 12480K, reserved 1048576K
}
Event: 35851.945 GC heap after
{Heap after GC invocations=75 (full 0):
 garbage-first heap   total 322560K, used 181372K [0x00000000c8e00000, 0x0000000100000000)
  region size 1024K, 1 young (1024K), 1 survivors (1024K)
 Metaspace       used 86754K, committed 87488K, reserved 1179648K
  class space    used 12145K, committed 12480K, reserved 1048576K
}
Event: 35852.344 GC heap before
{Heap before GC invocations=75 (full 0):
 garbage-first heap   total 322560K, used 314492K [0x00000000c8e00000, 0x0000000100000000)
  region size 1024K, 7 young (7168K), 1 survivors (1024K)
 Metaspace       used 86754K, committed 87488K, reserved 1179648K
  class space    used 12145K, committed 12480K, reserved 1048576K
}
Event: 35852.359 GC heap after
{Heap after GC invocations=76 (full 0):
 garbage-first heap   total 322560K, used 214884K [0x00000000c8e00000, 0x0000000100000000)
  region size 1024K, 1 young (1024K), 1 survivors (1024K)
 Metaspace       used 86754K, committed 87488K, reserved 1179648K
  class space    used 12145K, committed 12480K, reserved 1048576K
}
Event: 35852.392 GC heap before
{Heap before GC invocations=76 (full 0):
 garbage-first heap   total 322560K, used 220004K [0x00000000c8e00000, 0x0000000100000000)
  region size 1024K, 1 young (1024K), 1 survivors (1024K)
 Metaspace       used 86754K, committed 87488K, reserved 1179648K
  class space    used 12145K, committed 12480K, reserved 1048576K
}
Event: 35852.394 GC heap after
{Heap after GC invocations=77 (full 0):
 garbage-first heap   total 322560K, used 214869K [0x00000000c8e00000, 0x0000000100000000)
  region size 1024K, 1 young (1024K), 1 survivors (1024K)
 Metaspace       used 86754K, committed 87488K, reserved 1179648K
  class space    used 12145K, committed 12480K, reserved 1048576K
}

